<?xml version="1.0" encoding="UTF-8"?>
<testsuite name="com.kodilla.sudoku.game.utilities.board.BoardContainerTest" tests="1" skipped="0" failures="0" errors="0" timestamp="2019-07-21T16:08:55" hostname="luke-desktop" time="0.006">
  <properties/>
  <testcase name="testCreateBoardFromArray" classname="com.kodilla.sudoku.game.utilities.board.BoardContainerTest" time="0.006"/>
  <system-out><![CDATA[-1
-1
-1
2
-1
-1
-1
6
3
3
-1
-1
-1
-1
5
4
-1
1
-1
-1
1
-1
-1
3
9
8
-1
-1
-1
1
-1
-1
3
9
8
-1
-1
-1
-1
-1
-1
-1
-1
9
-1
-1
3
-1
-1
-1
-1
-1
-1
-1
-1
2
6
3
-1
-1
5
-1
-1
5
-1
3
7
-1
-1
-1
-1
8
4
7
-1
-1
-1
1
-1
-1
-1
]]></system-out>
  <system-err><![CDATA[]]></system-err>
</testsuite>
