<?xml version="1.0" encoding="UTF-8"?>
<testsuite name="com.kodilla.sudoku.game.utilities.board.utilities.board.elements.SudokuBoardTest" tests="1" skipped="0" failures="0" errors="0" timestamp="2019-08-01T14:30:05" hostname="luke-desktop" time="0.003">
  <properties/>
  <testcase name="shouldAddGrid" classname="com.kodilla.sudoku.game.utilities.board.utilities.board.elements.SudokuBoardTest" time="0.003"/>
  <system-out><![CDATA[]]></system-out>
  <system-err><![CDATA[]]></system-err>
</testsuite>
