<?xml version="1.0" encoding="UTF-8"?>
<testsuite name="com.kodilla.sudoku.game.utilities.solver.utilities.AvailableElementsRemoverTest" tests="1" skipped="0" failures="0" errors="0" timestamp="2019-07-21T16:08:55" hostname="luke-desktop" time="0.011">
  <properties/>
  <testcase name="shouldRemoveAvailableElements" classname="com.kodilla.sudoku.game.utilities.solver.utilities.AvailableElementsRemoverTest" time="0.011"/>
  <system-out><![CDATA[]]></system-out>
  <system-err><![CDATA[]]></system-err>
</testsuite>
